[2025-12-10 18:38:33] [solarize] [INFO] (src/main.c:83) Solarize Energy Solutions
[2025-12-10 18:38:33] [solarize] [DEBUG] (src/main.c:84) Configuration: file=config/default_config.json, log=log/solarize.log, debug=1
[2025-12-10 18:38:33] [solarize] [INFO] (src/main.c:100) Loading configuration from config/default_config.json
[2025-12-10 18:38:33] [solarize] [INFO] (src/config.c:382) JSON parsed: 3 loads, 2 zones, 1 EV chargers, 4 batteries.
[2025-12-10 18:38:33] [solarize] [INFO] (src/battery.c:156) Battery initialized: 4 banks, nominal_wh=40000
[2025-12-10 18:38:33] [solarize] [INFO] (src/main.c:127) System init complete. Solarize now online.
[2025-12-10 18:38:33] [solarize] [DEBUG] (src/main.c:128) Control interval: 0 seconds
[2025-12-10 18:38:33] [solarize] [WARNING] (src/main.c:136) Controller cycle 0 encountered an issue
[2025-12-10 18:38:34] [solarize] [WARNING] (src/battery.c:525) Emergency charging at low SOC: 0.0%
[2025-12-10 18:38:34] [solarize] [DEBUG] (src/controller.c:398) battery_power: 48.000000
[2025-12-10 18:38:35] [solarize] [WARNING] (src/battery.c:525) Emergency charging at low SOC: 0.1%
[2025-12-10 18:38:35] [solarize] [DEBUG] (src/controller.c:398) battery_power: 48.000000
[2025-12-10 18:38:36] [solarize] [WARNING] (src/battery.c:525) Emergency charging at low SOC: 0.2%
[2025-12-10 18:38:36] [solarize] [DEBUG] (src/controller.c:398) battery_power: 48.000000
[2025-12-10 18:38:37] [solarize] [WARNING] (src/battery.c:525) Emergency charging at low SOC: 0.2%
[2025-12-10 18:38:37] [solarize] [DEBUG] (src/controller.c:398) battery_power: 48.000000
[2025-12-10 18:38:38] [solarize] [WARNING] (src/battery.c:525) Emergency charging at low SOC: 0.3%
[2025-12-10 18:38:38] [solarize] [DEBUG] (src/controller.c:398) battery_power: 48.000000
[2025-12-10 18:38:39] [solarize] [WARNING] (src/battery.c:525) Emergency charging at low SOC: 0.3%
[2025-12-10 18:38:39] [solarize] [DEBUG] (src/controller.c:398) battery_power: 48.000000
[2025-12-10 18:38:40] [solarize] [WARNING] (src/battery.c:525) Emergency charging at low SOC: 0.4%
[2025-12-10 18:38:40] [solarize] [DEBUG] (src/controller.c:398) battery_power: 48.000000
[2025-12-10 18:38:41] [solarize] [WARNING] (src/battery.c:525) Emergency charging at low SOC: 0.4%
[2025-12-10 18:38:41] [solarize] [DEBUG] (src/controller.c:398) battery_power: 48.000000
[2025-12-10 18:38:42] [solarize] [WARNING] (src/battery.c:525) Emergency charging at low SOC: 0.5%
[2025-12-10 18:38:42] [solarize] [DEBUG] (src/controller.c:398) battery_power: 48.000000
[2025-12-10 18:38:43] [solarize] [WARNING] (src/battery.c:525) Emergency charging at low SOC: 0.5%
[2025-12-10 18:38:43] [solarize] [DEBUG] (src/controller.c:398) battery_power: 48.000000
[2025-12-10 18:38:44] [solarize] [WARNING] (src/battery.c:525) Emergency charging at low SOC: 0.6%
[2025-12-10 18:38:44] [solarize] [DEBUG] (src/controller.c:398) battery_power: 48.000000
[2025-12-10 18:38:45] [solarize] [WARNING] (src/battery.c:525) Emergency charging at low SOC: 0.6%
[2025-12-10 18:38:45] [solarize] [DEBUG] (src/controller.c:398) battery_power: 48.000000
[2025-12-10 18:38:46] [solarize] [WARNING] (src/battery.c:525) Emergency charging at low SOC: 0.6%
[2025-12-10 18:38:46] [solarize] [DEBUG] (src/controller.c:398) battery_power: 48.000000
[2025-12-10 18:38:47] [solarize] [WARNING] (src/battery.c:525) Emergency charging at low SOC: 0.6%
[2025-12-10 18:38:47] [solarize] [DEBUG] (src/controller.c:398) battery_power: 48.000000
[2025-12-10 18:38:48] [solarize] [WARNING] (src/battery.c:525) Emergency charging at low SOC: 0.7%
[2025-12-10 18:38:48] [solarize] [DEBUG] (src/controller.c:398) battery_power: 48.000000
[2025-12-10 18:38:49] [solarize] [WARNING] (src/battery.c:525) Emergency charging at low SOC: 0.7%
[2025-12-10 18:38:49] [solarize] [DEBUG] (src/controller.c:398) battery_power: 48.000000
[2025-12-10 18:38:50] [solarize] [WARNING] (src/battery.c:525) Emergency charging at low SOC: 0.7%
[2025-12-10 18:38:50] [solarize] [DEBUG] (src/controller.c:398) battery_power: 48.000000
[2025-12-10 18:38:51] [solarize] [WARNING] (src/battery.c:525) Emergency charging at low SOC: 0.7%
[2025-12-10 18:38:51] [solarize] [DEBUG] (src/controller.c:398) battery_power: 48.000000
[2025-12-10 18:38:52] [solarize] [WARNING] (src/battery.c:525) Emergency charging at low SOC: 0.8%
[2025-12-10 18:38:52] [solarize] [DEBUG] (src/controller.c:398) battery_power: 48.000000
[2025-12-10 18:38:53] [solarize] [WARNING] (src/battery.c:525) Emergency charging at low SOC: 0.8%
[2025-12-10 18:38:53] [solarize] [DEBUG] (src/controller.c:398) battery_power: 48.000000
[2025-12-10 18:38:54] [solarize] [WARNING] (src/battery.c:525) Emergency charging at low SOC: 0.8%
[2025-12-10 18:38:54] [solarize] [DEBUG] (src/controller.c:398) battery_power: 48.000000
[2025-12-10 18:38:55] [solarize] [WARNING] (src/battery.c:525) Emergency charging at low SOC: 0.8%
[2025-12-10 18:38:55] [solarize] [DEBUG] (src/controller.c:398) battery_power: 48.000000
[2025-12-10 18:38:56] [solarize] [WARNING] (src/battery.c:525) Emergency charging at low SOC: 0.8%
[2025-12-10 18:38:56] [solarize] [DEBUG] (src/controller.c:398) battery_power: 48.000000
[2025-12-10 18:38:57] [solarize] [WARNING] (src/battery.c:525) Emergency charging at low SOC: 0.8%
[2025-12-10 18:38:57] [solarize] [DEBUG] (src/controller.c:398) battery_power: 48.000000
[2025-12-10 18:38:58] [solarize] [WARNING] (src/battery.c:525) Emergency charging at low SOC: 0.9%
[2025-12-10 18:38:58] [solarize] [DEBUG] (src/controller.c:398) battery_power: 48.000000
[2025-12-10 18:38:59] [solarize] [WARNING] (src/battery.c:525) Emergency charging at low SOC: 0.9%
[2025-12-10 18:38:59] [solarize] [DEBUG] (src/controller.c:398) battery_power: 48.000000
[2025-12-10 18:39:00] [solarize] [WARNING] (src/battery.c:525) Emergency charging at low SOC: 0.9%
[2025-12-10 18:39:00] [solarize] [DEBUG] (src/controller.c:398) battery_power: 48.000000
[2025-12-10 18:39:01] [solarize] [WARNING] (src/battery.c:525) Emergency charging at low SOC: 0.9%
[2025-12-10 18:39:01] [solarize] [DEBUG] (src/controller.c:398) battery_power: 48.000000
[2025-12-10 18:39:02] [solarize] [WARNING] (src/battery.c:525) Emergency charging at low SOC: 0.9%
[2025-12-10 18:39:02] [solarize] [DEBUG] (src/controller.c:398) battery_power: 48.000000
[2025-12-10 18:39:03] [solarize] [WARNING] (src/battery.c:525) Emergency charging at low SOC: 0.9%
[2025-12-10 18:39:03] [solarize] [DEBUG] (src/controller.c:398) battery_power: 48.000000
[2025-12-10 18:39:04] [solarize] [WARNING] (src/battery.c:525) Emergency charging at low SOC: 0.9%
[2025-12-10 18:39:04] [solarize] [DEBUG] (src/controller.c:398) battery_power: 48.000000
[2025-12-10 18:39:05] [solarize] [WARNING] (src/battery.c:525) Emergency charging at low SOC: 0.9%
[2025-12-10 18:39:05] [solarize] [DEBUG] (src/controller.c:398) battery_power: 48.000000
[2025-12-10 18:39:06] [solarize] [WARNING] (src/battery.c:525) Emergency charging at low SOC: 0.9%
[2025-12-10 18:39:06] [solarize] [DEBUG] (src/controller.c:398) battery_power: 48.000000
[2025-12-10 18:39:07] [solarize] [WARNING] (src/battery.c:525) Emergency charging at low SOC: 0.9%
[2025-12-10 18:39:07] [solarize] [DEBUG] (src/controller.c:398) battery_power: 48.000000
[2025-12-10 18:39:08] [solarize] [WARNING] (src/battery.c:525) Emergency charging at low SOC: 1.0%
[2025-12-10 18:39:08] [solarize] [DEBUG] (src/controller.c:398) battery_power: 48.000000
[2025-12-10 18:39:09] [solarize] [WARNING] (src/battery.c:525) Emergency charging at low SOC: 1.0%
[2025-12-10 18:39:09] [solarize] [DEBUG] (src/controller.c:398) battery_power: 48.000000
[2025-12-10 18:39:10] [solarize] [WARNING] (src/battery.c:525) Emergency charging at low SOC: 1.0%
[2025-12-10 18:39:10] [solarize] [DEBUG] (src/controller.c:398) battery_power: 48.000000
[2025-12-10 18:39:11] [solarize] [WARNING] (src/battery.c:525) Emergency charging at low SOC: 1.0%
[2025-12-10 18:39:11] [solarize] [DEBUG] (src/controller.c:398) battery_power: 48.000000
[2025-12-10 18:39:12] [solarize] [WARNING] (src/battery.c:525) Emergency charging at low SOC: 1.0%
[2025-12-10 18:39:12] [solarize] [DEBUG] (src/controller.c:398) battery_power: 48.000000
[2025-12-10 18:39:13] [solarize] [WARNING] (src/battery.c:525) Emergency charging at low SOC: 1.0%
[2025-12-10 18:39:13] [solarize] [DEBUG] (src/controller.c:398) battery_power: 48.000000
[2025-12-10 18:39:14] [solarize] [WARNING] (src/battery.c:525) Emergency charging at low SOC: 1.0%
[2025-12-10 18:39:14] [solarize] [DEBUG] (src/controller.c:398) battery_power: 48.000000
[2025-12-10 18:39:15] [solarize] [WARNING] (src/battery.c:525) Emergency charging at low SOC: 1.0%
[2025-12-10 18:39:15] [solarize] [DEBUG] (src/controller.c:398) battery_power: 48.000000
[2025-12-10 18:39:16] [solarize] [WARNING] (src/battery.c:525) Emergency charging at low SOC: 1.0%
[2025-12-10 18:39:16] [solarize] [DEBUG] (src/controller.c:398) battery_power: 48.000000
[2025-12-10 18:39:17] [solarize] [WARNING] (src/battery.c:525) Emergency charging at low SOC: 1.0%
[2025-12-10 18:39:17] [solarize] [DEBUG] (src/controller.c:398) battery_power: 48.000000
[2025-12-10 18:39:18] [solarize] [WARNING] (src/battery.c:525) Emergency charging at low SOC: 1.0%
[2025-12-10 18:39:18] [solarize] [DEBUG] (src/controller.c:398) battery_power: 48.000000
[2025-12-10 18:39:19] [solarize] [WARNING] (src/battery.c:525) Emergency charging at low SOC: 1.0%
[2025-12-10 18:39:19] [solarize] [DEBUG] (src/controller.c:398) battery_power: 48.000000
[2025-12-10 18:39:20] [solarize] [WARNING] (src/battery.c:525) Emergency charging at low SOC: 1.0%
[2025-12-10 18:39:20] [solarize] [DEBUG] (src/controller.c:398) battery_power: 48.000000
[2025-12-10 18:39:21] [solarize] [WARNING] (src/battery.c:525) Emergency charging at low SOC: 1.1%
[2025-12-10 18:39:21] [solarize] [DEBUG] (src/controller.c:398) battery_power: 48.000000
[2025-12-10 18:39:22] [solarize] [WARNING] (src/battery.c:525) Emergency charging at low SOC: 1.1%
[2025-12-10 18:39:22] [solarize] [DEBUG] (src/controller.c:398) battery_power: 48.000000
[2025-12-10 18:39:23] [solarize] [WARNING] (src/battery.c:525) Emergency charging at low SOC: 1.1%
[2025-12-10 18:39:23] [solarize] [DEBUG] (src/controller.c:398) battery_power: 48.000000
[2025-12-10 18:39:24] [solarize] [WARNING] (src/battery.c:525) Emergency charging at low SOC: 1.1%
[2025-12-10 18:39:24] [solarize] [DEBUG] (src/controller.c:398) battery_power: 48.000000
[2025-12-10 18:39:25] [solarize] [WARNING] (src/battery.c:525) Emergency charging at low SOC: 1.1%
[2025-12-10 18:39:25] [solarize] [DEBUG] (src/controller.c:398) battery_power: 48.000000
[2025-12-10 18:39:26] [solarize] [WARNING] (src/battery.c:525) Emergency charging at low SOC: 1.1%
[2025-12-10 18:39:26] [solarize] [DEBUG] (src/controller.c:398) battery_power: 48.000000
[2025-12-10 18:39:27] [solarize] [WARNING] (src/battery.c:525) Emergency charging at low SOC: 1.1%
[2025-12-10 18:39:27] [solarize] [DEBUG] (src/controller.c:398) battery_power: 48.000000
[2025-12-10 18:39:28] [solarize] [WARNING] (src/battery.c:525) Emergency charging at low SOC: 1.1%
[2025-12-10 18:39:28] [solarize] [DEBUG] (src/controller.c:398) battery_power: 48.000000
[2025-12-10 18:39:29] [solarize] [WARNING] (src/battery.c:525) Emergency charging at low SOC: 1.1%
[2025-12-10 18:39:29] [solarize] [DEBUG] (src/controller.c:398) battery_power: 48.000000
[2025-12-10 18:39:30] [solarize] [WARNING] (src/battery.c:525) Emergency charging at low SOC: 1.1%
[2025-12-10 18:39:30] [solarize] [DEBUG] (src/controller.c:398) battery_power: 48.000000
[2025-12-10 18:39:31] [solarize] [WARNING] (src/battery.c:525) Emergency charging at low SOC: 1.1%
[2025-12-10 18:39:31] [solarize] [DEBUG] (src/controller.c:398) battery_power: 48.000000
[2025-12-10 18:39:32] [solarize] [WARNING] (src/battery.c:525) Emergency charging at low SOC: 1.1%
[2025-12-10 18:39:32] [solarize] [DEBUG] (src/controller.c:398) battery_power: 48.000000
[2025-12-10 18:39:33] [solarize] [WARNING] (src/battery.c:525) Emergency charging at low SOC: 1.1%
[2025-12-10 18:39:33] [solarize] [DEBUG] (src/controller.c:398) battery_power: 48.000000
[2025-12-10 18:39:34] [solarize] [WARNING] (src/battery.c:525) Emergency charging at low SOC: 1.1%
[2025-12-10 18:39:34] [solarize] [DEBUG] (src/controller.c:398) battery_power: 48.000000
[2025-12-10 18:39:35] [solarize] [WARNING] (src/battery.c:525) Emergency charging at low SOC: 1.2%
[2025-12-10 18:39:35] [solarize] [DEBUG] (src/controller.c:398) battery_power: 48.000000
[2025-12-10 18:39:36] [solarize] [WARNING] (src/battery.c:525) Emergency charging at low SOC: 1.2%
[2025-12-10 18:39:36] [solarize] [DEBUG] (src/controller.c:398) battery_power: 48.000000
[2025-12-10 18:39:37] [solarize] [WARNING] (src/battery.c:525) Emergency charging at low SOC: 1.2%
[2025-12-10 18:39:37] [solarize] [DEBUG] (src/controller.c:398) battery_power: 48.000000
[2025-12-10 18:39:38] [solarize] [WARNING] (src/battery.c:525) Emergency charging at low SOC: 1.2%
[2025-12-10 18:39:38] [solarize] [DEBUG] (src/controller.c:398) battery_power: 48.000000
[2025-12-10 18:39:39] [solarize] [WARNING] (src/battery.c:525) Emergency charging at low SOC: 1.2%
[2025-12-10 18:39:39] [solarize] [DEBUG] (src/controller.c:398) battery_power: 48.000000
[2025-12-10 18:39:40] [solarize] [WARNING] (src/battery.c:525) Emergency charging at low SOC: 1.2%
[2025-12-10 18:39:40] [solarize] [DEBUG] (src/controller.c:398) battery_power: 48.000000
[2025-12-10 18:39:41] [solarize] [WARNING] (src/battery.c:525) Emergency charging at low SOC: 1.2%
[2025-12-10 18:39:41] [solarize] [DEBUG] (src/controller.c:398) battery_power: 48.000000
[2025-12-10 18:39:42] [solarize] [WARNING] (src/battery.c:525) Emergency charging at low SOC: 1.2%
[2025-12-10 18:39:42] [solarize] [DEBUG] (src/controller.c:398) battery_power: 48.000000
[2025-12-10 18:39:43] [solarize] [WARNING] (src/battery.c:525) Emergency charging at low SOC: 1.2%
[2025-12-10 18:39:43] [solarize] [DEBUG] (src/controller.c:398) battery_power: 48.000000
[2025-12-10 18:39:44] [solarize] [WARNING] (src/battery.c:525) Emergency charging at low SOC: 1.2%
[2025-12-10 18:39:44] [solarize] [DEBUG] (src/controller.c:398) battery_power: 48.000000
[2025-12-10 18:39:45] [solarize] [WARNING] (src/battery.c:525) Emergency charging at low SOC: 1.2%
[2025-12-10 18:39:45] [solarize] [DEBUG] (src/controller.c:398) battery_power: 48.000000
[2025-12-10 18:39:46] [solarize] [WARNING] (src/battery.c:525) Emergency charging at low SOC: 1.2%
[2025-12-10 18:39:46] [solarize] [DEBUG] (src/controller.c:398) battery_power: 48.000000
[2025-12-10 18:39:47] [solarize] [WARNING] (src/battery.c:525) Emergency charging at low SOC: 1.2%
[2025-12-10 18:39:47] [solarize] [DEBUG] (src/controller.c:398) battery_power: 48.000000
[2025-12-10 18:39:48] [solarize] [WARNING] (src/battery.c:525) Emergency charging at low SOC: 1.3%
[2025-12-10 18:39:48] [solarize] [DEBUG] (src/controller.c:398) battery_power: 48.000000
[2025-12-10 18:39:49] [solarize] [WARNING] (src/battery.c:525) Emergency charging at low SOC: 1.3%
[2025-12-10 18:39:49] [solarize] [DEBUG] (src/controller.c:398) battery_power: 48.000000
[2025-12-10 18:39:50] [solarize] [WARNING] (src/battery.c:525) Emergency charging at low SOC: 1.3%
[2025-12-10 18:39:50] [solarize] [DEBUG] (src/controller.c:398) battery_power: 48.000000
[2025-12-10 18:39:51] [solarize] [WARNING] (src/battery.c:525) Emergency charging at low SOC: 1.3%
[2025-12-10 18:39:51] [solarize] [DEBUG] (src/controller.c:398) battery_power: 48.000000
[2025-12-10 18:39:52] [solarize] [WARNING] (src/battery.c:525) Emergency charging at low SOC: 1.3%
[2025-12-10 18:39:52] [solarize] [DEBUG] (src/controller.c:398) battery_power: 48.000000
[2025-12-10 18:39:53] [solarize] [WARNING] (src/battery.c:525) Emergency charging at low SOC: 1.3%
[2025-12-10 18:39:53] [solarize] [DEBUG] (src/controller.c:398) battery_power: 48.000000
[2025-12-10 18:39:54] [solarize] [WARNING] (src/battery.c:525) Emergency charging at low SOC: 1.3%
[2025-12-10 18:39:54] [solarize] [DEBUG] (src/controller.c:398) battery_power: 48.000000
[2025-12-10 18:39:55] [solarize] [WARNING] (src/battery.c:525) Emergency charging at low SOC: 1.3%
[2025-12-10 18:39:55] [solarize] [DEBUG] (src/controller.c:398) battery_power: 48.000000
[2025-12-10 18:39:56] [solarize] [WARNING] (src/battery.c:525) Emergency charging at low SOC: 1.3%
[2025-12-10 18:39:56] [solarize] [DEBUG] (src/controller.c:398) battery_power: 48.000000
[2025-12-10 18:39:57] [solarize] [WARNING] (src/battery.c:525) Emergency charging at low SOC: 1.3%
[2025-12-10 18:39:57] [solarize] [DEBUG] (src/controller.c:398) battery_power: 48.000000
[2025-12-10 18:39:58] [solarize] [WARNING] (src/battery.c:525) Emergency charging at low SOC: 1.3%
[2025-12-10 18:39:58] [solarize] [DEBUG] (src/controller.c:398) battery_power: 48.000000
[2025-12-10 18:39:59] [solarize] [WARNING] (src/battery.c:525) Emergency charging at low SOC: 1.3%
[2025-12-10 18:39:59] [solarize] [DEBUG] (src/controller.c:398) battery_power: 48.000000
[2025-12-10 18:40:00] [solarize] [WARNING] (src/battery.c:525) Emergency charging at low SOC: 1.3%
[2025-12-10 18:40:00] [solarize] [DEBUG] (src/controller.c:398) battery_power: 48.000000
[2025-12-10 18:40:01] [solarize] [WARNING] (src/battery.c:525) Emergency charging at low SOC: 1.3%
[2025-12-10 18:40:01] [solarize] [DEBUG] (src/controller.c:398) battery_power: 48.000000
[2025-12-10 18:40:02] [solarize] [WARNING] (src/battery.c:525) Emergency charging at low SOC: 1.4%
[2025-12-10 18:40:02] [solarize] [DEBUG] (src/controller.c:398) battery_power: 48.000000
[2025-12-10 18:40:03] [solarize] [WARNING] (src/battery.c:525) Emergency charging at low SOC: 1.4%
[2025-12-10 18:40:03] [solarize] [DEBUG] (src/controller.c:398) battery_power: 48.000000
[2025-12-10 18:40:04] [solarize] [WARNING] (src/battery.c:525) Emergency charging at low SOC: 1.4%
[2025-12-10 18:40:04] [solarize] [DEBUG] (src/controller.c:398) battery_power: 48.000000
[2025-12-10 18:40:05] [solarize] [WARNING] (src/battery.c:525) Emergency charging at low SOC: 1.4%
[2025-12-10 18:40:05] [solarize] [DEBUG] (src/controller.c:398) battery_power: 48.000000
[2025-12-10 18:40:06] [solarize] [WARNING] (src/battery.c:525) Emergency charging at low SOC: 1.4%
[2025-12-10 18:40:06] [solarize] [DEBUG] (src/controller.c:398) battery_power: 48.000000
[2025-12-10 18:40:07] [solarize] [WARNING] (src/battery.c:525) Emergency charging at low SOC: 1.4%
[2025-12-10 18:40:07] [solarize] [DEBUG] (src/controller.c:398) battery_power: 48.000000
[2025-12-10 18:40:08] [solarize] [WARNING] (src/battery.c:525) Emergency charging at low SOC: 1.4%
[2025-12-10 18:40:08] [solarize] [DEBUG] (src/controller.c:398) battery_power: 48.000000
[2025-12-10 18:40:09] [solarize] [WARNING] (src/battery.c:525) Emergency charging at low SOC: 1.4%
[2025-12-10 18:40:09] [solarize] [DEBUG] (src/controller.c:398) battery_power: 48.000000
[2025-12-10 18:40:10] [solarize] [WARNING] (src/battery.c:525) Emergency charging at low SOC: 1.4%
[2025-12-10 18:40:10] [solarize] [DEBUG] (src/controller.c:398) battery_power: 48.000000
[2025-12-10 18:40:11] [solarize] [WARNING] (src/battery.c:525) Emergency charging at low SOC: 1.4%
[2025-12-10 18:40:11] [solarize] [DEBUG] (src/controller.c:398) battery_power: 48.000000
[2025-12-10 18:40:12] [solarize] [WARNING] (src/battery.c:525) Emergency charging at low SOC: 1.4%
[2025-12-10 18:40:12] [solarize] [DEBUG] (src/controller.c:398) battery_power: 48.000000
[2025-12-10 18:40:13] [solarize] [WARNING] (src/battery.c:525) Emergency charging at low SOC: 1.4%
[2025-12-10 18:40:13] [solarize] [DEBUG] (src/controller.c:398) battery_power: 48.000000
[2025-12-10 18:40:14] [solarize] [WARNING] (src/battery.c:525) Emergency charging at low SOC: 1.4%
[2025-12-10 18:40:14] [solarize] [DEBUG] (src/controller.c:398) battery_power: 48.000000
[2025-12-10 18:40:15] [solarize] [WARNING] (src/battery.c:525) Emergency charging at low SOC: 1.5%
[2025-12-10 18:40:15] [solarize] [DEBUG] (src/controller.c:398) battery_power: 48.000000
[2025-12-10 18:40:16] [solarize] [WARNING] (src/battery.c:525) Emergency charging at low SOC: 1.5%
[2025-12-10 18:40:16] [solarize] [DEBUG] (src/controller.c:398) battery_power: 48.000000
[2025-12-10 18:40:17] [solarize] [WARNING] (src/battery.c:525) Emergency charging at low SOC: 1.5%
[2025-12-10 18:40:17] [solarize] [DEBUG] (src/controller.c:398) battery_power: 48.000000
[2025-12-10 18:40:18] [solarize] [WARNING] (src/battery.c:525) Emergency charging at low SOC: 1.5%
[2025-12-10 18:40:18] [solarize] [DEBUG] (src/controller.c:398) battery_power: 48.000000
[2025-12-10 18:40:19] [solarize] [WARNING] (src/battery.c:525) Emergency charging at low SOC: 1.5%
[2025-12-10 18:40:19] [solarize] [DEBUG] (src/controller.c:398) battery_power: 48.000000
[2025-12-10 18:40:20] [solarize] [WARNING] (src/battery.c:525) Emergency charging at low SOC: 1.5%
[2025-12-10 18:40:20] [solarize] [DEBUG] (src/controller.c:398) battery_power: 48.000000
[2025-12-10 18:40:21] [solarize] [WARNING] (src/battery.c:525) Emergency charging at low SOC: 1.5%
[2025-12-10 18:40:21] [solarize] [DEBUG] (src/controller.c:398) battery_power: 48.000000
[2025-12-10 18:40:22] [solarize] [WARNING] (src/battery.c:525) Emergency charging at low SOC: 1.5%
[2025-12-10 18:40:22] [solarize] [DEBUG] (src/controller.c:398) battery_power: 48.000000
[2025-12-10 18:40:23] [solarize] [WARNING] (src/battery.c:525) Emergency charging at low SOC: 1.5%
[2025-12-10 18:40:23] [solarize] [DEBUG] (src/controller.c:398) battery_power: 48.000000
[2025-12-10 18:40:24] [solarize] [WARNING] (src/battery.c:525) Emergency charging at low SOC: 1.5%
[2025-12-10 18:40:24] [solarize] [DEBUG] (src/controller.c:398) battery_power: 48.000000
[2025-12-10 18:40:25] [solarize] [WARNING] (src/battery.c:525) Emergency charging at low SOC: 1.5%
[2025-12-10 18:40:25] [solarize] [DEBUG] (src/controller.c:398) battery_power: 48.000000
[2025-12-10 18:40:26] [solarize] [WARNING] (src/battery.c:525) Emergency charging at low SOC: 1.5%
[2025-12-10 18:40:26] [solarize] [DEBUG] (src/controller.c:398) battery_power: 48.000000
[2025-12-10 18:40:27] [solarize] [WARNING] (src/battery.c:525) Emergency charging at low SOC: 1.5%
[2025-12-10 18:40:27] [solarize] [DEBUG] (src/controller.c:398) battery_power: 48.000000
[2025-12-10 18:40:28] [solarize] [WARNING] (src/battery.c:525) Emergency charging at low SOC: 1.5%
[2025-12-10 18:40:28] [solarize] [DEBUG] (src/controller.c:398) battery_power: 48.000000
[2025-12-10 18:40:29] [solarize] [WARNING] (src/battery.c:525) Emergency charging at low SOC: 1.6%
[2025-12-10 18:40:29] [solarize] [DEBUG] (src/controller.c:398) battery_power: 48.000000
[2025-12-10 18:40:30] [solarize] [WARNING] (src/battery.c:525) Emergency charging at low SOC: 1.6%
[2025-12-10 18:40:30] [solarize] [DEBUG] (src/controller.c:398) battery_power: 48.000000
[2025-12-10 18:40:31] [solarize] [WARNING] (src/battery.c:525) Emergency charging at low SOC: 1.6%
[2025-12-10 18:40:31] [solarize] [DEBUG] (src/controller.c:398) battery_power: 48.000000
[2025-12-10 18:40:32] [solarize] [WARNING] (src/battery.c:525) Emergency charging at low SOC: 1.6%
[2025-12-10 18:40:32] [solarize] [DEBUG] (src/controller.c:398) battery_power: 48.000000
[2025-12-10 18:40:33] [solarize] [WARNING] (src/battery.c:525) Emergency charging at low SOC: 1.6%
[2025-12-10 18:40:33] [solarize] [DEBUG] (src/controller.c:398) battery_power: 48.000000
[2025-12-10 18:40:34] [solarize] [WARNING] (src/battery.c:525) Emergency charging at low SOC: 1.6%
[2025-12-10 18:40:34] [solarize] [DEBUG] (src/controller.c:398) battery_power: 48.000000
[2025-12-10 18:40:35] [solarize] [WARNING] (src/battery.c:525) Emergency charging at low SOC: 1.6%
[2025-12-10 18:40:35] [solarize] [DEBUG] (src/controller.c:398) battery_power: 48.000000
[2025-12-10 18:40:36] [solarize] [WARNING] (src/battery.c:525) Emergency charging at low SOC: 1.6%
[2025-12-10 18:40:36] [solarize] [DEBUG] (src/controller.c:398) battery_power: 48.000000
[2025-12-10 18:40:37] [solarize] [WARNING] (src/battery.c:525) Emergency charging at low SOC: 1.6%
[2025-12-10 18:40:37] [solarize] [DEBUG] (src/controller.c:398) battery_power: 48.000000
[2025-12-10 18:40:38] [solarize] [WARNING] (src/battery.c:525) Emergency charging at low SOC: 1.6%
[2025-12-10 18:40:38] [solarize] [DEBUG] (src/controller.c:398) battery_power: 48.000000
[2025-12-10 18:40:39] [solarize] [WARNING] (src/battery.c:525) Emergency charging at low SOC: 1.6%
[2025-12-10 18:40:39] [solarize] [DEBUG] (src/controller.c:398) battery_power: 48.000000
[2025-12-10 18:40:40] [solarize] [WARNING] (src/battery.c:525) Emergency charging at low SOC: 1.6%
[2025-12-10 18:40:40] [solarize] [DEBUG] (src/controller.c:398) battery_power: 48.000000
[2025-12-10 18:40:41] [solarize] [WARNING] (src/battery.c:525) Emergency charging at low SOC: 1.6%
[2025-12-10 18:40:41] [solarize] [DEBUG] (src/controller.c:398) battery_power: 48.000000
[2025-12-10 18:40:42] [solarize] [WARNING] (src/battery.c:525) Emergency charging at low SOC: 1.7%
[2025-12-10 18:40:42] [solarize] [DEBUG] (src/controller.c:398) battery_power: 48.000000
[2025-12-10 18:40:43] [solarize] [WARNING] (src/battery.c:525) Emergency charging at low SOC: 1.7%
[2025-12-10 18:40:43] [solarize] [DEBUG] (src/controller.c:398) battery_power: 48.000000
[2025-12-10 18:40:44] [solarize] [WARNING] (src/battery.c:525) Emergency charging at low SOC: 1.7%
[2025-12-10 18:40:44] [solarize] [DEBUG] (src/controller.c:398) battery_power: 48.000000
[2025-12-10 18:40:45] [solarize] [WARNING] (src/battery.c:525) Emergency charging at low SOC: 1.7%
[2025-12-10 18:40:45] [solarize] [DEBUG] (src/controller.c:398) battery_power: 48.000000
[2025-12-10 18:40:46] [solarize] [WARNING] (src/battery.c:525) Emergency charging at low SOC: 1.7%
[2025-12-10 18:40:46] [solarize] [DEBUG] (src/controller.c:398) battery_power: 48.000000
[2025-12-10 18:40:47] [solarize] [WARNING] (src/battery.c:525) Emergency charging at low SOC: 1.7%
[2025-12-10 18:40:47] [solarize] [DEBUG] (src/controller.c:398) battery_power: 48.000000
[2025-12-10 18:40:48] [solarize] [WARNING] (src/battery.c:525) Emergency charging at low SOC: 1.7%
[2025-12-10 18:40:48] [solarize] [DEBUG] (src/controller.c:398) battery_power: 48.000000
[2025-12-10 18:40:49] [solarize] [WARNING] (src/battery.c:525) Emergency charging at low SOC: 1.7%
[2025-12-10 18:40:49] [solarize] [DEBUG] (src/controller.c:398) battery_power: 48.000000
[2025-12-10 18:40:50] [solarize] [WARNING] (src/battery.c:525) Emergency charging at low SOC: 1.7%
[2025-12-10 18:40:50] [solarize] [DEBUG] (src/controller.c:398) battery_power: 48.000000
[2025-12-10 18:40:51] [solarize] [WARNING] (src/battery.c:525) Emergency charging at low SOC: 1.7%
[2025-12-10 18:40:51] [solarize] [DEBUG] (src/controller.c:398) battery_power: 48.000000
[2025-12-10 18:40:52] [solarize] [WARNING] (src/battery.c:525) Emergency charging at low SOC: 1.7%
[2025-12-10 18:40:52] [solarize] [DEBUG] (src/controller.c:398) battery_power: 48.000000
[2025-12-10 18:40:53] [solarize] [WARNING] (src/battery.c:525) Emergency charging at low SOC: 1.7%
[2025-12-10 18:40:53] [solarize] [DEBUG] (src/controller.c:398) battery_power: 48.000000
[2025-12-10 18:40:54] [solarize] [WARNING] (src/battery.c:525) Emergency charging at low SOC: 1.7%
[2025-12-10 18:40:54] [solarize] [DEBUG] (src/controller.c:398) battery_power: 48.000000
[2025-12-10 18:40:55] [solarize] [WARNING] (src/battery.c:525) Emergency charging at low SOC: 1.8%
[2025-12-10 18:40:55] [solarize] [DEBUG] (src/controller.c:398) battery_power: 48.000000
[2025-12-10 18:40:56] [solarize] [WARNING] (src/battery.c:525) Emergency charging at low SOC: 1.8%
[2025-12-10 18:40:56] [solarize] [DEBUG] (src/controller.c:398) battery_power: 48.000000
[2025-12-10 18:40:57] [solarize] [WARNING] (src/battery.c:525) Emergency charging at low SOC: 1.8%
[2025-12-10 18:40:57] [solarize] [DEBUG] (src/controller.c:398) battery_power: 48.000000
[2025-12-10 18:40:58] [solarize] [WARNING] (src/battery.c:525) Emergency charging at low SOC: 1.8%
[2025-12-10 18:40:58] [solarize] [DEBUG] (src/controller.c:398) battery_power: 48.000000
[2025-12-10 18:40:59] [solarize] [WARNING] (src/battery.c:525) Emergency charging at low SOC: 1.8%
[2025-12-10 18:40:59] [solarize] [DEBUG] (src/controller.c:398) battery_power: 48.000000
[2025-12-10 18:41:00] [solarize] [WARNING] (src/battery.c:525) Emergency charging at low SOC: 1.8%
[2025-12-10 18:41:00] [solarize] [DEBUG] (src/controller.c:398) battery_power: 48.000000
[2025-12-10 18:41:01] [solarize] [WARNING] (src/battery.c:525) Emergency charging at low SOC: 1.8%
[2025-12-10 18:41:01] [solarize] [DEBUG] (src/controller.c:398) battery_power: 48.000000
[2025-12-10 18:41:02] [solarize] [WARNING] (src/battery.c:525) Emergency charging at low SOC: 1.8%
[2025-12-10 18:41:02] [solarize] [DEBUG] (src/controller.c:398) battery_power: 48.000000
[2025-12-10 18:41:03] [solarize] [WARNING] (src/battery.c:525) Emergency charging at low SOC: 1.8%
[2025-12-10 18:41:03] [solarize] [DEBUG] (src/controller.c:398) battery_power: 48.000000
[2025-12-10 18:41:04] [solarize] [WARNING] (src/battery.c:525) Emergency charging at low SOC: 1.8%
[2025-12-10 18:41:04] [solarize] [DEBUG] (src/controller.c:398) battery_power: 48.000000
[2025-12-10 18:41:05] [solarize] [WARNING] (src/battery.c:525) Emergency charging at low SOC: 1.8%
[2025-12-10 18:41:05] [solarize] [DEBUG] (src/controller.c:398) battery_power: 48.000000
[2025-12-10 18:41:06] [solarize] [WARNING] (src/battery.c:525) Emergency charging at low SOC: 1.8%
[2025-12-10 18:41:06] [solarize] [DEBUG] (src/controller.c:398) battery_power: 48.000000
[2025-12-10 18:41:07] [solarize] [WARNING] (src/battery.c:525) Emergency charging at low SOC: 1.8%
[2025-12-10 18:41:07] [solarize] [DEBUG] (src/controller.c:398) battery_power: 48.000000
[2025-12-10 18:41:08] [solarize] [WARNING] (src/battery.c:525) Emergency charging at low SOC: 1.8%
[2025-12-10 18:41:08] [solarize] [DEBUG] (src/controller.c:398) battery_power: 48.000000
[2025-12-10 18:41:09] [solarize] [WARNING] (src/battery.c:525) Emergency charging at low SOC: 1.8%
[2025-12-10 18:41:09] [solarize] [DEBUG] (src/controller.c:398) battery_power: 48.000000
[2025-12-10 18:41:10] [solarize] [WARNING] (src/battery.c:525) Emergency charging at low SOC: 1.9%
[2025-12-10 18:41:10] [solarize] [DEBUG] (src/controller.c:398) battery_power: 48.000000
[2025-12-10 18:41:11] [solarize] [WARNING] (src/battery.c:525) Emergency charging at low SOC: 1.9%
[2025-12-10 18:41:11] [solarize] [DEBUG] (src/controller.c:398) battery_power: 48.000000
[2025-12-10 18:41:12] [solarize] [WARNING] (src/battery.c:525) Emergency charging at low SOC: 1.9%
[2025-12-10 18:41:12] [solarize] [DEBUG] (src/controller.c:398) battery_power: 48.000000
[2025-12-10 18:41:13] [solarize] [WARNING] (src/battery.c:525) Emergency charging at low SOC: 1.9%
[2025-12-10 18:41:13] [solarize] [DEBUG] (src/controller.c:398) battery_power: 48.000000
[2025-12-10 18:41:14] [solarize] [WARNING] (src/battery.c:525) Emergency charging at low SOC: 1.9%
[2025-12-10 18:41:14] [solarize] [DEBUG] (src/controller.c:398) battery_power: 48.000000
[2025-12-10 18:41:15] [solarize] [WARNING] (src/battery.c:525) Emergency charging at low SOC: 1.9%
[2025-12-10 18:41:15] [solarize] [DEBUG] (src/controller.c:398) battery_power: 48.000000
[2025-12-10 18:41:16] [solarize] [WARNING] (src/battery.c:525) Emergency charging at low SOC: 1.9%
[2025-12-10 18:41:16] [solarize] [DEBUG] (src/controller.c:398) battery_power: 48.000000
[2025-12-10 18:41:17] [solarize] [WARNING] (src/battery.c:525) Emergency charging at low SOC: 1.9%
[2025-12-10 18:41:17] [solarize] [DEBUG] (src/controller.c:398) battery_power: 48.000000
[2025-12-10 18:41:18] [solarize] [WARNING] (src/battery.c:525) Emergency charging at low SOC: 1.9%
[2025-12-10 18:41:18] [solarize] [DEBUG] (src/controller.c:398) battery_power: 48.000000
[2025-12-10 18:41:19] [solarize] [WARNING] (src/battery.c:525) Emergency charging at low SOC: 1.9%
[2025-12-10 18:41:19] [solarize] [DEBUG] (src/controller.c:398) battery_power: 48.000000
[2025-12-10 18:41:20] [solarize] [WARNING] (src/battery.c:525) Emergency charging at low SOC: 1.9%
[2025-12-10 18:41:20] [solarize] [DEBUG] (src/controller.c:398) battery_power: 48.000000
[2025-12-10 18:41:20] [solarize] [INFO] (src/main.c:32) Received signal 2, shutting down...
[2025-12-10 18:41:20] [solarize] [DEBUG] (src/main.c:149) Total cycles completed: 168
[2025-12-10 18:41:20] [solarize] [INFO] (src/controller.c:527) Controller shutdown complete.

[2025-12-10 18:41:20] [solarize] [DEBUG] (src/main.c:154) Controller cleaned up
[2025-12-10 18:41:20] [solarize] [INFO] (src/main.c:157) Shutdown complete
